2023-05-29 15:55:50 Debug: duration=0 rows=1 SHOW TABLES FROM `cakephp-crud`
2023-05-29 15:55:50 Debug: duration=0 rows=4 SHOW FULL COLUMNS FROM `clientes`
2023-05-29 15:55:50 Debug: duration=0 rows=1 SHOW INDEXES FROM `clientes`
2023-05-29 15:55:50 Debug: duration=1 rows=0 SELECT * FROM information_schema.key_column_usage AS kcu
            INNER JOIN information_schema.referential_constraints AS rc
            ON (
                kcu.CONSTRAINT_NAME = rc.CONSTRAINT_NAME
                AND kcu.CONSTRAINT_SCHEMA = rc.CONSTRAINT_SCHEMA
            )
            WHERE kcu.TABLE_SCHEMA = 'cakephp-crud' AND kcu.TABLE_NAME = 'clientes' AND rc.TABLE_NAME = 'clientes'
2023-05-29 15:55:50 Debug: duration=0 rows=1 SHOW TABLE STATUS WHERE Name = 'clientes'
2023-05-29 15:55:50 Debug: duration=0 rows=4 SHOW FULL COLUMNS FROM `clientes`
2023-05-29 15:55:50 Debug: duration=0 rows=1 SHOW INDEXES FROM `clientes`
2023-05-29 15:55:50 Debug: duration=1 rows=0 SELECT * FROM information_schema.key_column_usage AS kcu
            INNER JOIN information_schema.referential_constraints AS rc
            ON (
                kcu.CONSTRAINT_NAME = rc.CONSTRAINT_NAME
                AND kcu.CONSTRAINT_SCHEMA = rc.CONSTRAINT_SCHEMA
            )
            WHERE kcu.TABLE_SCHEMA = 'cakephp-crud' AND kcu.TABLE_NAME = 'clientes' AND rc.TABLE_NAME = 'clientes'
2023-05-29 15:55:50 Debug: duration=0 rows=1 SHOW TABLE STATUS WHERE Name = 'clientes'
2023-05-29 15:56:48 Debug: duration=1 rows=4 SHOW FULL COLUMNS FROM `clientes`
2023-05-29 15:56:48 Debug: duration=0 rows=1 SHOW INDEXES FROM `clientes`
2023-05-29 15:56:48 Debug: duration=1 rows=0 SELECT * FROM information_schema.key_column_usage AS kcu
            INNER JOIN information_schema.referential_constraints AS rc
            ON (
                kcu.CONSTRAINT_NAME = rc.CONSTRAINT_NAME
                AND kcu.CONSTRAINT_SCHEMA = rc.CONSTRAINT_SCHEMA
            )
            WHERE kcu.TABLE_SCHEMA = 'cakephp-crud' AND kcu.TABLE_NAME = 'clientes' AND rc.TABLE_NAME = 'clientes'
2023-05-29 15:56:48 Debug: duration=0 rows=1 SHOW TABLE STATUS WHERE Name = 'clientes'
2023-05-29 15:56:48 Debug: duration=0 rows=0 SELECT Clientes.id AS `Clientes__id`, Clientes.nome_cliente AS `Clientes__nome_cliente`, Clientes.data_nascimento AS `Clientes__data_nascimento`, Clientes.profissao AS `Clientes__profissao` FROM clientes Clientes LIMIT 20 OFFSET 0
2023-05-29 15:56:48 Debug: duration=0 rows=1 SELECT (COUNT(*)) AS `count` FROM clientes Clientes
2023-05-29 15:58:31 Debug: duration=0 rows=0 SELECT Clientes.id AS `Clientes__id`, Clientes.nome_cliente AS `Clientes__nome_cliente`, Clientes.data_nascimento AS `Clientes__data_nascimento`, Clientes.profissao AS `Clientes__profissao` FROM clientes Clientes LIMIT 20 OFFSET 0
2023-05-29 15:58:31 Debug: duration=0 rows=1 SELECT (COUNT(*)) AS `count` FROM clientes Clientes
2023-05-29 15:58:52 Debug: duration=0 rows=4 SHOW FULL COLUMNS FROM `clientes`
2023-05-29 15:58:52 Debug: duration=0 rows=1 SHOW INDEXES FROM `clientes`
2023-05-29 15:58:52 Debug: duration=1 rows=0 SELECT * FROM information_schema.key_column_usage AS kcu
            INNER JOIN information_schema.referential_constraints AS rc
            ON (
                kcu.CONSTRAINT_NAME = rc.CONSTRAINT_NAME
                AND kcu.CONSTRAINT_SCHEMA = rc.CONSTRAINT_SCHEMA
            )
            WHERE kcu.TABLE_SCHEMA = 'cakephp-crud' AND kcu.TABLE_NAME = 'clientes' AND rc.TABLE_NAME = 'clientes'
2023-05-29 15:58:52 Debug: duration=0 rows=1 SHOW TABLE STATUS WHERE Name = 'clientes'
2023-05-29 15:58:52 Debug: duration=0 rows=0 SELECT Clientes.id AS `Clientes__id`, Clientes.nome_cliente AS `Clientes__nome_cliente`, Clientes.data_nascimento AS `Clientes__data_nascimento`, Clientes.profissao AS `Clientes__profissao` FROM clientes Clientes LIMIT 20 OFFSET 0
2023-05-29 15:58:52 Debug: duration=0 rows=1 SELECT (COUNT(*)) AS `count` FROM clientes Clientes
2023-05-29 16:04:31 Debug: duration=1 rows=4 SHOW FULL COLUMNS FROM `clientes`
2023-05-29 16:04:31 Debug: duration=0 rows=1 SHOW INDEXES FROM `clientes`
2023-05-29 16:04:31 Debug: duration=1 rows=0 SELECT * FROM information_schema.key_column_usage AS kcu
            INNER JOIN information_schema.referential_constraints AS rc
            ON (
                kcu.CONSTRAINT_NAME = rc.CONSTRAINT_NAME
                AND kcu.CONSTRAINT_SCHEMA = rc.CONSTRAINT_SCHEMA
            )
            WHERE kcu.TABLE_SCHEMA = 'cakephp-crud' AND kcu.TABLE_NAME = 'clientes' AND rc.TABLE_NAME = 'clientes'
2023-05-29 16:04:31 Debug: duration=0 rows=1 SHOW TABLE STATUS WHERE Name = 'clientes'
2023-05-29 16:04:31 Debug: duration=0 rows=0 SELECT Clientes.id AS `Clientes__id`, Clientes.nome_cliente AS `Clientes__nome_cliente`, Clientes.data_nascimento AS `Clientes__data_nascimento`, Clientes.profissao AS `Clientes__profissao` FROM clientes Clientes LIMIT 20 OFFSET 0
2023-05-29 16:04:31 Debug: duration=0 rows=1 SELECT (COUNT(*)) AS `count` FROM clientes Clientes
2023-05-29 16:04:57 Debug: duration=0 rows=0 BEGIN
2023-05-29 16:04:57 Debug: duration=0 rows=1 INSERT INTO clientes (nome_cliente, data_nascimento, profissao) VALUES ('João', '1997-06-23', 'Desenhista')
2023-05-29 16:04:57 Debug: duration=0 rows=0 COMMIT
2023-05-29 16:04:58 Debug: duration=4 rows=1 SELECT Clientes.id AS `Clientes__id`, Clientes.nome_cliente AS `Clientes__nome_cliente`, Clientes.data_nascimento AS `Clientes__data_nascimento`, Clientes.profissao AS `Clientes__profissao` FROM clientes Clientes LIMIT 20 OFFSET 0
2023-05-29 16:04:58 Debug: duration=0 rows=1 SELECT (COUNT(*)) AS `count` FROM clientes Clientes
2023-05-29 16:05:51 Debug: duration=0 rows=1 SELECT Clientes.id AS `Clientes__id`, Clientes.nome_cliente AS `Clientes__nome_cliente`, Clientes.data_nascimento AS `Clientes__data_nascimento`, Clientes.profissao AS `Clientes__profissao` FROM clientes Clientes LIMIT 20 OFFSET 0
2023-05-29 16:05:51 Debug: duration=0 rows=1 SELECT (COUNT(*)) AS `count` FROM clientes Clientes
2023-05-29 16:05:55 Debug: duration=0 rows=1 SELECT Clientes.id AS `Clientes__id`, Clientes.nome_cliente AS `Clientes__nome_cliente`, Clientes.data_nascimento AS `Clientes__data_nascimento`, Clientes.profissao AS `Clientes__profissao` FROM clientes Clientes LIMIT 20 OFFSET 0
2023-05-29 16:05:55 Debug: duration=0 rows=1 SELECT (COUNT(*)) AS `count` FROM clientes Clientes
2023-05-29 16:16:32 Debug: duration=1 rows=4 SHOW FULL COLUMNS FROM `clientes`
2023-05-29 16:16:32 Debug: duration=0 rows=1 SHOW INDEXES FROM `clientes`
2023-05-29 16:16:32 Debug: duration=1 rows=0 SELECT * FROM information_schema.key_column_usage AS kcu
            INNER JOIN information_schema.referential_constraints AS rc
            ON (
                kcu.CONSTRAINT_NAME = rc.CONSTRAINT_NAME
                AND kcu.CONSTRAINT_SCHEMA = rc.CONSTRAINT_SCHEMA
            )
            WHERE kcu.TABLE_SCHEMA = 'cakephp-crud' AND kcu.TABLE_NAME = 'clientes' AND rc.TABLE_NAME = 'clientes'
2023-05-29 16:16:32 Debug: duration=0 rows=1 SHOW TABLE STATUS WHERE Name = 'clientes'
2023-05-29 16:17:39 Debug: duration=0 rows=1 SELECT Clientes.id AS `Clientes__id`, Clientes.nome_cliente AS `Clientes__nome_cliente`, Clientes.data_nascimento AS `Clientes__data_nascimento`, Clientes.profissao AS `Clientes__profissao` FROM clientes Clientes LIMIT 20 OFFSET 0
2023-05-29 16:17:39 Debug: duration=0 rows=1 SELECT (COUNT(*)) AS `count` FROM clientes Clientes
2023-05-29 16:17:43 Debug: duration=0 rows=1 SELECT Clientes.id AS `Clientes__id`, Clientes.nome_cliente AS `Clientes__nome_cliente`, Clientes.data_nascimento AS `Clientes__data_nascimento`, Clientes.profissao AS `Clientes__profissao` FROM clientes Clientes WHERE Clientes.id = 6 LIMIT 1
2023-05-29 16:17:49 Debug: duration=0 rows=1 SELECT Clientes.id AS `Clientes__id`, Clientes.nome_cliente AS `Clientes__nome_cliente`, Clientes.data_nascimento AS `Clientes__data_nascimento`, Clientes.profissao AS `Clientes__profissao` FROM clientes Clientes WHERE Clientes.id = 6 LIMIT 1
2023-05-29 16:17:49 Debug: duration=0 rows=0 BEGIN
2023-05-29 16:17:49 Debug: duration=0 rows=1 DELETE FROM clientes WHERE id = 6
2023-05-29 16:17:49 Debug: duration=0 rows=0 COMMIT
2023-05-29 16:17:49 Debug: duration=0 rows=0 SELECT Clientes.id AS `Clientes__id`, Clientes.nome_cliente AS `Clientes__nome_cliente`, Clientes.data_nascimento AS `Clientes__data_nascimento`, Clientes.profissao AS `Clientes__profissao` FROM clientes Clientes LIMIT 20 OFFSET 0
2023-05-29 16:17:49 Debug: duration=0 rows=1 SELECT (COUNT(*)) AS `count` FROM clientes Clientes
2023-05-29 16:20:10 Debug: duration=0 rows=4 SHOW FULL COLUMNS FROM `clientes`
2023-05-29 16:20:10 Debug: duration=0 rows=1 SHOW INDEXES FROM `clientes`
2023-05-29 16:20:10 Debug: duration=1 rows=0 SELECT * FROM information_schema.key_column_usage AS kcu
            INNER JOIN information_schema.referential_constraints AS rc
            ON (
                kcu.CONSTRAINT_NAME = rc.CONSTRAINT_NAME
                AND kcu.CONSTRAINT_SCHEMA = rc.CONSTRAINT_SCHEMA
            )
            WHERE kcu.TABLE_SCHEMA = 'cakephp-crud' AND kcu.TABLE_NAME = 'clientes' AND rc.TABLE_NAME = 'clientes'
2023-05-29 16:20:10 Debug: duration=0 rows=1 SHOW TABLE STATUS WHERE Name = 'clientes'
2023-05-29 16:20:10 Debug: duration=0 rows=0 SELECT Clientes.id AS `Clientes__id`, Clientes.nome_cliente AS `Clientes__nome_cliente`, Clientes.data_nascimento AS `Clientes__data_nascimento`, Clientes.profissao AS `Clientes__profissao` FROM clientes Clientes LIMIT 20 OFFSET 0
2023-05-29 16:20:10 Debug: duration=0 rows=1 SELECT (COUNT(*)) AS `count` FROM clientes Clientes
2023-05-29 16:22:44 Debug: duration=0 rows=4 SHOW FULL COLUMNS FROM `clientes`
2023-05-29 16:22:44 Debug: duration=0 rows=1 SHOW INDEXES FROM `clientes`
2023-05-29 16:22:44 Debug: duration=1 rows=0 SELECT * FROM information_schema.key_column_usage AS kcu
            INNER JOIN information_schema.referential_constraints AS rc
            ON (
                kcu.CONSTRAINT_NAME = rc.CONSTRAINT_NAME
                AND kcu.CONSTRAINT_SCHEMA = rc.CONSTRAINT_SCHEMA
            )
            WHERE kcu.TABLE_SCHEMA = 'cakephp-crud' AND kcu.TABLE_NAME = 'clientes' AND rc.TABLE_NAME = 'clientes'
2023-05-29 16:22:44 Debug: duration=0 rows=1 SHOW TABLE STATUS WHERE Name = 'clientes'
2023-05-29 16:22:44 Debug: duration=0 rows=0 SELECT Clientes.id AS `Clientes__id`, Clientes.nome_cliente AS `Clientes__nome_cliente`, Clientes.data_nascimento AS `Clientes__data_nascimento`, Clientes.profissao AS `Clientes__profissao` FROM clientes Clientes LIMIT 20 OFFSET 0
2023-05-29 16:22:44 Debug: duration=0 rows=1 SELECT (COUNT(*)) AS `count` FROM clientes Clientes
2023-05-29 16:24:47 Debug: duration=4 rows=4 SHOW FULL COLUMNS FROM `clientes`
2023-05-29 16:24:47 Debug: duration=0 rows=1 SHOW INDEXES FROM `clientes`
2023-05-29 16:24:47 Debug: duration=1 rows=0 SELECT * FROM information_schema.key_column_usage AS kcu
            INNER JOIN information_schema.referential_constraints AS rc
            ON (
                kcu.CONSTRAINT_NAME = rc.CONSTRAINT_NAME
                AND kcu.CONSTRAINT_SCHEMA = rc.CONSTRAINT_SCHEMA
            )
            WHERE kcu.TABLE_SCHEMA = 'cakephp-crud' AND kcu.TABLE_NAME = 'clientes' AND rc.TABLE_NAME = 'clientes'
2023-05-29 16:24:47 Debug: duration=0 rows=1 SHOW TABLE STATUS WHERE Name = 'clientes'
2023-05-29 16:24:47 Debug: duration=0 rows=0 SELECT Clientes.id AS `Clientes__id`, Clientes.nome_cliente AS `Clientes__nome_cliente`, Clientes.data_nascimento AS `Clientes__data_nascimento`, Clientes.profissao AS `Clientes__profissao` FROM clientes Clientes LIMIT 20 OFFSET 0
2023-05-29 16:24:47 Debug: duration=0 rows=1 SELECT (COUNT(*)) AS `count` FROM clientes Clientes
2023-05-29 16:24:48 Debug: duration=0 rows=0 SELECT Clientes.id AS `Clientes__id`, Clientes.nome_cliente AS `Clientes__nome_cliente`, Clientes.data_nascimento AS `Clientes__data_nascimento`, Clientes.profissao AS `Clientes__profissao` FROM clientes Clientes LIMIT 20 OFFSET 0
2023-05-29 16:24:48 Debug: duration=0 rows=1 SELECT (COUNT(*)) AS `count` FROM clientes Clientes
2023-05-29 16:24:49 Debug: duration=0 rows=0 SELECT Clientes.id AS `Clientes__id`, Clientes.nome_cliente AS `Clientes__nome_cliente`, Clientes.data_nascimento AS `Clientes__data_nascimento`, Clientes.profissao AS `Clientes__profissao` FROM clientes Clientes LIMIT 20 OFFSET 0
2023-05-29 16:24:49 Debug: duration=0 rows=1 SELECT (COUNT(*)) AS `count` FROM clientes Clientes
2023-05-29 16:24:49 Debug: duration=0 rows=0 SELECT Clientes.id AS `Clientes__id`, Clientes.nome_cliente AS `Clientes__nome_cliente`, Clientes.data_nascimento AS `Clientes__data_nascimento`, Clientes.profissao AS `Clientes__profissao` FROM clientes Clientes LIMIT 20 OFFSET 0
2023-05-29 16:24:49 Debug: duration=0 rows=1 SELECT (COUNT(*)) AS `count` FROM clientes Clientes
2023-05-29 16:24:49 Debug: duration=0 rows=0 SELECT Clientes.id AS `Clientes__id`, Clientes.nome_cliente AS `Clientes__nome_cliente`, Clientes.data_nascimento AS `Clientes__data_nascimento`, Clientes.profissao AS `Clientes__profissao` FROM clientes Clientes LIMIT 20 OFFSET 0
2023-05-29 16:24:49 Debug: duration=0 rows=1 SELECT (COUNT(*)) AS `count` FROM clientes Clientes
2023-05-29 16:24:49 Debug: duration=0 rows=0 SELECT Clientes.id AS `Clientes__id`, Clientes.nome_cliente AS `Clientes__nome_cliente`, Clientes.data_nascimento AS `Clientes__data_nascimento`, Clientes.profissao AS `Clientes__profissao` FROM clientes Clientes LIMIT 20 OFFSET 0
2023-05-29 16:24:49 Debug: duration=0 rows=1 SELECT (COUNT(*)) AS `count` FROM clientes Clientes
2023-05-29 16:24:49 Debug: duration=0 rows=0 SELECT Clientes.id AS `Clientes__id`, Clientes.nome_cliente AS `Clientes__nome_cliente`, Clientes.data_nascimento AS `Clientes__data_nascimento`, Clientes.profissao AS `Clientes__profissao` FROM clientes Clientes LIMIT 20 OFFSET 0
2023-05-29 16:24:49 Debug: duration=0 rows=1 SELECT (COUNT(*)) AS `count` FROM clientes Clientes
2023-05-29 16:24:50 Debug: duration=0 rows=0 SELECT Clientes.id AS `Clientes__id`, Clientes.nome_cliente AS `Clientes__nome_cliente`, Clientes.data_nascimento AS `Clientes__data_nascimento`, Clientes.profissao AS `Clientes__profissao` FROM clientes Clientes LIMIT 20 OFFSET 0
2023-05-29 16:24:50 Debug: duration=0 rows=1 SELECT (COUNT(*)) AS `count` FROM clientes Clientes
2023-05-29 16:24:50 Debug: duration=0 rows=0 SELECT Clientes.id AS `Clientes__id`, Clientes.nome_cliente AS `Clientes__nome_cliente`, Clientes.data_nascimento AS `Clientes__data_nascimento`, Clientes.profissao AS `Clientes__profissao` FROM clientes Clientes LIMIT 20 OFFSET 0
2023-05-29 16:24:50 Debug: duration=0 rows=1 SELECT (COUNT(*)) AS `count` FROM clientes Clientes
2023-05-29 16:24:50 Debug: duration=0 rows=0 SELECT Clientes.id AS `Clientes__id`, Clientes.nome_cliente AS `Clientes__nome_cliente`, Clientes.data_nascimento AS `Clientes__data_nascimento`, Clientes.profissao AS `Clientes__profissao` FROM clientes Clientes LIMIT 20 OFFSET 0
2023-05-29 16:24:50 Debug: duration=0 rows=1 SELECT (COUNT(*)) AS `count` FROM clientes Clientes
2023-05-29 16:24:50 Debug: duration=0 rows=0 SELECT Clientes.id AS `Clientes__id`, Clientes.nome_cliente AS `Clientes__nome_cliente`, Clientes.data_nascimento AS `Clientes__data_nascimento`, Clientes.profissao AS `Clientes__profissao` FROM clientes Clientes LIMIT 20 OFFSET 0
2023-05-29 16:24:50 Debug: duration=0 rows=1 SELECT (COUNT(*)) AS `count` FROM clientes Clientes
2023-05-29 16:24:50 Debug: duration=0 rows=0 SELECT Clientes.id AS `Clientes__id`, Clientes.nome_cliente AS `Clientes__nome_cliente`, Clientes.data_nascimento AS `Clientes__data_nascimento`, Clientes.profissao AS `Clientes__profissao` FROM clientes Clientes LIMIT 20 OFFSET 0
2023-05-29 16:24:50 Debug: duration=0 rows=1 SELECT (COUNT(*)) AS `count` FROM clientes Clientes
2023-05-29 16:24:51 Debug: duration=0 rows=0 SELECT Clientes.id AS `Clientes__id`, Clientes.nome_cliente AS `Clientes__nome_cliente`, Clientes.data_nascimento AS `Clientes__data_nascimento`, Clientes.profissao AS `Clientes__profissao` FROM clientes Clientes LIMIT 20 OFFSET 0
2023-05-29 16:24:51 Debug: duration=0 rows=1 SELECT (COUNT(*)) AS `count` FROM clientes Clientes
2023-05-29 16:24:59 Debug: duration=0 rows=0 SELECT Clientes.id AS `Clientes__id`, Clientes.nome_cliente AS `Clientes__nome_cliente`, Clientes.data_nascimento AS `Clientes__data_nascimento`, Clientes.profissao AS `Clientes__profissao` FROM clientes Clientes LIMIT 20 OFFSET 0
2023-05-29 16:24:59 Debug: duration=0 rows=1 SELECT (COUNT(*)) AS `count` FROM clientes Clientes
2023-05-29 16:37:02 Debug: duration=0 rows=4 SHOW FULL COLUMNS FROM `clientes`
2023-05-29 16:37:02 Debug: duration=0 rows=1 SHOW INDEXES FROM `clientes`
2023-05-29 16:37:02 Debug: duration=1 rows=0 SELECT * FROM information_schema.key_column_usage AS kcu
            INNER JOIN information_schema.referential_constraints AS rc
            ON (
                kcu.CONSTRAINT_NAME = rc.CONSTRAINT_NAME
                AND kcu.CONSTRAINT_SCHEMA = rc.CONSTRAINT_SCHEMA
            )
            WHERE kcu.TABLE_SCHEMA = 'cakephp-crud' AND kcu.TABLE_NAME = 'clientes' AND rc.TABLE_NAME = 'clientes'
2023-05-29 16:37:02 Debug: duration=0 rows=1 SHOW TABLE STATUS WHERE Name = 'clientes'
2023-05-29 16:37:02 Debug: duration=0 rows=0 SELECT Clientes.id AS `Clientes__id`, Clientes.nome_cliente AS `Clientes__nome_cliente`, Clientes.data_nascimento AS `Clientes__data_nascimento`, Clientes.profissao AS `Clientes__profissao` FROM clientes Clientes LIMIT 20 OFFSET 0
2023-05-29 16:37:02 Debug: duration=0 rows=1 SELECT (COUNT(*)) AS `count` FROM clientes Clientes
2023-05-29 17:03:23 Debug: duration=2 rows=4 SHOW FULL COLUMNS FROM `clientes`
2023-05-29 17:03:23 Debug: duration=0 rows=1 SHOW INDEXES FROM `clientes`
2023-05-29 17:03:23 Debug: duration=1 rows=0 SELECT * FROM information_schema.key_column_usage AS kcu
            INNER JOIN information_schema.referential_constraints AS rc
            ON (
                kcu.CONSTRAINT_NAME = rc.CONSTRAINT_NAME
                AND kcu.CONSTRAINT_SCHEMA = rc.CONSTRAINT_SCHEMA
            )
            WHERE kcu.TABLE_SCHEMA = 'cakephp-crud' AND kcu.TABLE_NAME = 'clientes' AND rc.TABLE_NAME = 'clientes'
2023-05-29 17:03:23 Debug: duration=0 rows=1 SHOW TABLE STATUS WHERE Name = 'clientes'
2023-05-29 17:03:23 Debug: duration=0 rows=0 SELECT Clientes.id AS `Clientes__id`, Clientes.nome_cliente AS `Clientes__nome_cliente`, Clientes.data_nascimento AS `Clientes__data_nascimento`, Clientes.profissao AS `Clientes__profissao` FROM clientes Clientes LIMIT 20 OFFSET 0
2023-05-29 17:03:23 Debug: duration=0 rows=1 SELECT (COUNT(*)) AS `count` FROM clientes Clientes
2023-05-30 02:26:21 Debug: duration=2 rows=4 SHOW FULL COLUMNS FROM `clientes`
2023-05-30 02:26:21 Debug: duration=0 rows=1 SHOW INDEXES FROM `clientes`
2023-05-30 02:26:21 Debug: duration=2 rows=0 SELECT * FROM information_schema.key_column_usage AS kcu
            INNER JOIN information_schema.referential_constraints AS rc
            ON (
                kcu.CONSTRAINT_NAME = rc.CONSTRAINT_NAME
                AND kcu.CONSTRAINT_SCHEMA = rc.CONSTRAINT_SCHEMA
            )
            WHERE kcu.TABLE_SCHEMA = 'cakephp-crud' AND kcu.TABLE_NAME = 'clientes' AND rc.TABLE_NAME = 'clientes'
2023-05-30 02:26:21 Debug: duration=0 rows=1 SHOW TABLE STATUS WHERE Name = 'clientes'
2023-05-30 02:26:21 Debug: duration=0 rows=0 SELECT Clientes.id AS `Clientes__id`, Clientes.nome_cliente AS `Clientes__nome_cliente`, Clientes.data_nascimento AS `Clientes__data_nascimento`, Clientes.profissao AS `Clientes__profissao` FROM clientes Clientes LIMIT 20 OFFSET 0
2023-05-30 02:26:21 Debug: duration=0 rows=1 SELECT (COUNT(*)) AS `count` FROM clientes Clientes
